<?xml version="1.0" encoding="UTF-8"?>
<!-- Generated by org.testng.reporters.JUnitReportReporter -->
<testsuite hostname="nargiz" failures="0" tests="2" name="pageObjectsTest.PlayListTest" time="22.966" errors="0" timestamp="2022-01-15T19:08:35 EST" skipped="0">
  <testcase classname="pageObjectsTest.PlayListTest" name="playListTest_createPlayList_playListCreated" time="12.647"/>
  <system-out/>
  <testcase classname="pageObjectsTest.PlayListTest" name="playListTest_renamePlayList_playlistRenamed" time="10.319"/>
  <system-out/>
</testsuite> <!-- pageObjectsTest.PlayListTest -->
