<?xml version="1.0" encoding="UTF-8"?>
<!-- Generated by org.testng.reporters.JUnitReportReporter -->
<testsuite hostname="nargiz" failures="0" tests="2" name="pageObjectsTest.LoginTest" time="19.510" errors="0" timestamp="2022-01-15T19:08:35 EST" skipped="0">
  <testcase classname="pageObjectsTest.LoginTest" name="loginTest_incorrectCredentials_redFrame" time="8.927"/>
  <system-out/>
  <testcase classname="pageObjectsTest.LoginTest" name="loginTest_correctCredentials_loggedToApp" time="10.583"/>
  <system-out/>
</testsuite> <!-- pageObjectsTest.LoginTest -->
