<?xml version="1.0" encoding="UTF-8"?>
<!-- Generated by org.testng.reporters.JUnitReportReporter -->
<testsuite hostname="nargiz" failures="0" tests="2" name="pageObjectsTest.LoginFactoryTest" time="19.527" errors="0" timestamp="2022-01-15T19:08:35 EST" skipped="0">
  <testcase classname="pageObjectsTest.LoginFactoryTest" name="loginTest_incorrectCredentials_redFrame" time="9.007"/>
  <system-out/>
  <testcase classname="pageObjectsTest.LoginFactoryTest" name="loginTestFactory_correctLogin_loggedToApp" time="10.520"/>
  <system-out/>
</testsuite> <!-- pageObjectsTest.LoginFactoryTest -->
